2020-11-26 16:25:57,147 [myid:] - INFO  [main:Environment@100] - Client environment:zookeeper.version=3.4.14-4c25d480e66aadd371de8bd2fd8da255ac140bcf, built on 03/06/2019 16:18 GMT
2020-11-26 16:25:57,152 [myid:] - INFO  [main:Environment@100] - Client environment:host.name=DESKTOP-MTQJAGL.mshome.net
2020-11-26 16:25:57,152 [myid:] - INFO  [main:Environment@100] - Client environment:java.version=1.8.0_271
2020-11-26 16:25:57,156 [myid:] - INFO  [main:Environment@100] - Client environment:java.vendor=Oracle Corporation
2020-11-26 16:25:57,156 [myid:] - INFO  [main:Environment@100] - Client environment:java.home=C:\Program Files\Java\jre1.8.0_271
2020-11-26 16:25:57,156 [myid:] - INFO  [main:Environment@100] - Client environment:java.class.path=.;D:\zookeeper\zookeeper-3.4.14.jar;D:\zookeeper\lib\slf4j-log4j12-1.7.25.jar;D:\zookeeper\lib\slf4j-api-1.7.25.jar;D:\zookeeper\lib\log4j-1.2.17.jar
2020-11-26 16:25:57,156 [myid:] - INFO  [main:Environment@100] - Client environment:java.library.path=C:\Program Files (x86)\Common Files\Oracle\Java\javapath;C:\WINDOWS\Sun\Java\bin;C:\WINDOWS\system32;C:\WINDOWS;C:\Users\sergi\bin;D:\Git\mingw64\bin;D:\Git\usr\local\bin;D:\Git\usr\bin;D:\Git\usr\bin;D:\Git\mingw64\bin;D:\Git\usr\bin;C:\Users\sergi\bin;C:\Program Files (x86)\Common Files\Oracle\Java\javapath;C:\Python27;C:\Python27\Scripts;C:\WINDOWS\system32;C:\WINDOWS;C:\WINDOWS\System32\Wbem;C:\WINDOWS\System32\WindowsPowerShell\v1.0;C:\WINDOWS\System32\OpenSSH;D:\Leiningen;D:\Dart\dart-sdk\bin;D:\Git\cmd;D:\Flutter\bin;C:\Program Files\NVIDIA Corporation\NVIDIA NvDLISR;C:\Program Files (x86)\NVIDIA Corporation\PhysX\Common;C:\ProgramData\chocolatey\bin;C:\WINDOWS\system32;C:\WINDOWS;C:\WINDOWS\System32\Wbem;C:\WINDOWS\System32\WindowsPowerShell\v1.0;C:\WINDOWS\System32\OpenSSH;C:\Program Files\Java\jdk1.8.0_271\bin;C:\Users\sergi\AppData\Local\Microsoft\WindowsApps;D:\Microsoft VS Code\bin;C:\Users\sergi\heroku\bin;D:\Git\usr\bin\vendor_perl;D:\Git\usr\bin\core_perl;.
2020-11-26 16:25:57,157 [myid:] - INFO  [main:Environment@100] - Client environment:java.io.tmpdir=C:\Users\sergi\AppData\Local\Temp\
2020-11-26 16:25:57,157 [myid:] - INFO  [main:Environment@100] - Client environment:java.compiler=<NA>
2020-11-26 16:25:57,157 [myid:] - INFO  [main:Environment@100] - Client environment:os.name=Windows 10
2020-11-26 16:25:57,157 [myid:] - INFO  [main:Environment@100] - Client environment:os.arch=amd64
2020-11-26 16:25:57,157 [myid:] - INFO  [main:Environment@100] - Client environment:os.version=10.0
2020-11-26 16:25:57,157 [myid:] - INFO  [main:Environment@100] - Client environment:user.name=sergi
2020-11-26 16:25:57,157 [myid:] - INFO  [main:Environment@100] - Client environment:user.home=C:\Users\sergi
2020-11-26 16:25:57,157 [myid:] - INFO  [main:Environment@100] - Client environment:user.dir=C:\Users\sergi\Desktop\UFABC Q3 2020\Sistemas Distribuidos\Projeto\src
2020-11-26 16:25:57,158 [myid:] - INFO  [main:ZooKeeper@442] - Initiating client connection, connectString=localhost sessionTimeout=3000 watcher=SyncPrimitive$Queue@5910e440
2020-11-26 16:25:57,163 [myid:] - DEBUG [main:ClientCnxn@118] - zookeeper.disableAutoWatchReset is false
2020-11-26 16:25:57,637 [myid:] - DEBUG [main-SendThread(localhost:2181):SaslServerPrincipal@74] - Canonicalized address to localhost
2020-11-26 16:25:57,640 [myid:] - INFO  [main-SendThread(localhost:2181):ClientCnxn$SendThread@1025] - Opening socket connection to server localhost/0:0:0:0:0:0:0:1:2181. Will not attempt to authenticate using SASL (unknown error)
2020-11-26 16:25:59,665 [myid:] - INFO  [main-SendThread(localhost:2181):ClientCnxn$SendThread@1162] - Socket error occurred: localhost/0:0:0:0:0:0:0:1:2181: Connection refused: no further information
2020-11-26 16:25:59,666 [myid:] - DEBUG [main-SendThread(localhost:2181):ClientCnxnSocketNIO@203] - Ignoring exception during shutdown input
java.nio.channels.ClosedChannelException
	at sun.nio.ch.SocketChannelImpl.shutdownInput(Unknown Source)
	at sun.nio.ch.SocketAdaptor.shutdownInput(Unknown Source)
	at org.apache.zookeeper.ClientCnxnSocketNIO.cleanup(ClientCnxnSocketNIO.java:200)
	at org.apache.zookeeper.ClientCnxn$SendThread.cleanup(ClientCnxn.java:1246)
	at org.apache.zookeeper.ClientCnxn$SendThread.run(ClientCnxn.java:1170)
2020-11-26 16:25:59,670 [myid:] - DEBUG [main-SendThread(localhost:2181):ClientCnxnSocketNIO@210] - Ignoring exception during shutdown output
java.nio.channels.ClosedChannelException
	at sun.nio.ch.SocketChannelImpl.shutdownOutput(Unknown Source)
	at sun.nio.ch.SocketAdaptor.shutdownOutput(Unknown Source)
	at org.apache.zookeeper.ClientCnxnSocketNIO.cleanup(ClientCnxnSocketNIO.java:207)
	at org.apache.zookeeper.ClientCnxn$SendThread.cleanup(ClientCnxn.java:1246)
	at org.apache.zookeeper.ClientCnxn$SendThread.run(ClientCnxn.java:1170)
2020-11-26 16:26:00,790 [myid:] - DEBUG [main-SendThread(localhost:2181):SaslServerPrincipal@74] - Canonicalized address to kubernetes.docker.internal
2020-11-26 16:26:00,791 [myid:] - INFO  [main-SendThread(localhost:2181):ClientCnxn$SendThread@1025] - Opening socket connection to server localhost/127.0.0.1:2181. Will not attempt to authenticate using SASL (unknown error)
2020-11-26 16:26:02,777 [myid:] - WARN  [main-SendThread(localhost:2181):ClientCnxn$SendThread@1108] - Client session timed out, have not heard from server in 3000ms for sessionid 0x0
2020-11-26 16:26:02,777 [myid:] - INFO  [main-SendThread(localhost:2181):ClientCnxn$SendThread@1156] - Client session timed out, have not heard from server in 3000ms for sessionid 0x0, closing socket connection and attempting reconnect
2020-11-26 16:26:02,777 [myid:] - DEBUG [main-SendThread(localhost:2181):ClientCnxnSocketNIO@203] - Ignoring exception during shutdown input
java.net.SocketException: Socket is not connected
	at sun.nio.ch.Net.translateToSocketException(Unknown Source)
	at sun.nio.ch.Net.translateException(Unknown Source)
	at sun.nio.ch.Net.translateException(Unknown Source)
	at sun.nio.ch.SocketAdaptor.shutdownInput(Unknown Source)
	at org.apache.zookeeper.ClientCnxnSocketNIO.cleanup(ClientCnxnSocketNIO.java:200)
	at org.apache.zookeeper.ClientCnxn$SendThread.cleanup(ClientCnxn.java:1246)
	at org.apache.zookeeper.ClientCnxn$SendThread.run(ClientCnxn.java:1170)
Caused by: java.nio.channels.NotYetConnectedException
	at sun.nio.ch.SocketChannelImpl.shutdownInput(Unknown Source)
	... 4 more
2020-11-26 16:26:02,778 [myid:] - DEBUG [main-SendThread(localhost:2181):ClientCnxnSocketNIO@210] - Ignoring exception during shutdown output
java.net.SocketException: Socket is not connected
	at sun.nio.ch.Net.translateToSocketException(Unknown Source)
	at sun.nio.ch.Net.translateException(Unknown Source)
	at sun.nio.ch.Net.translateException(Unknown Source)
	at sun.nio.ch.SocketAdaptor.shutdownOutput(Unknown Source)
	at org.apache.zookeeper.ClientCnxnSocketNIO.cleanup(ClientCnxnSocketNIO.java:207)
	at org.apache.zookeeper.ClientCnxn$SendThread.cleanup(ClientCnxn.java:1246)
	at org.apache.zookeeper.ClientCnxn$SendThread.run(ClientCnxn.java:1170)
Caused by: java.nio.channels.NotYetConnectedException
	at sun.nio.ch.SocketChannelImpl.shutdownOutput(Unknown Source)
	... 4 more
